<?xml version="1.0" encoding="UTF-8"?>
<testsuite name="tourGuide.TestRewardsService" tests="3" skipped="0" failures="0" errors="0" timestamp="2023-03-28T08:37:16" hostname="MacBook-de-jerome.local" time="13.523">
  <properties/>
  <testcase name="nearAllAttractions" classname="tourGuide.TestRewardsService" time="12.523"/>
  <testcase name="userGetRewards" classname="tourGuide.TestRewardsService" time="0.984"/>
  <testcase name="isWithinAttractionProximity" classname="tourGuide.TestRewardsService" time="0.015"/>
  <system-out><![CDATA[10:37:16.560 [Test worker] INFO tourGuide.service.TourGuideService - TestMode enabled
10:37:16.615 [Test worker] DEBUG tourGuide.service.TourGuideService - Initializing users
10:37:16.766 [Test worker] DEBUG tourGuide.service.TourGuideService - Created 1 internal test users.
10:37:16.768 [Test worker] DEBUG tourGuide.service.TourGuideService - Finished initializing users
10:37:16.800 [pool-2-thread-1] DEBUG tourGuide.tracker.Tracker - Begin Tracker. Tracking 1 users.
in addUserReward
in if, add reward normaly
in addUserReward
in addUserReward
in if, add reward normaly
in addUserReward
in if, add reward normaly
in addUserReward
in addUserReward
in if, add reward normaly
in addUserReward
in if, add reward normaly
in addUserReward
in addUserReward
in if, add reward normaly
in addUserReward
in if, add reward normaly
in addUserReward
in addUserReward
in if, add reward normaly
in addUserReward
in if, add reward normaly
in addUserReward
in addUserReward
in if, add reward normaly
in addUserReward
in addUserReward
in if, add reward normaly
in addUserReward
in addUserReward
in if, add reward normaly
in addUserReward
in addUserReward
in if, add reward normaly
in addUserReward
in addUserReward
in if, add reward normaly
in addUserReward
in addUserReward
in if, add reward normaly
in addUserReward
in addUserReward
in if, add reward normaly
in addUserReward
in if, add reward normaly
in addUserReward
in addUserReward
in if, add reward normaly
in addUserReward
in addUserReward
in if, add reward normaly
in addUserReward
in if, add reward normaly
in addUserReward
in addUserReward
in if, add reward normaly
in addUserReward
in if, add reward normaly
in addUserReward
in addUserReward
in if, add reward normaly
in addUserReward
in addUserReward
in if, add reward normaly
in addUserReward
in addUserReward
in if, add reward normaly
in addUserReward
in if, add reward normaly
in addUserReward
10:37:28.802 [pool-2-thread-1] DEBUG tourGuide.tracker.Tracker - Tracker Time Elapsed: 11 seconds.
10:37:28.803 [pool-2-thread-1] DEBUG tourGuide.tracker.Tracker - Tracker sleeping
10:37:28.827 [Test worker] INFO tourGuide.service.TourGuideService - TestMode enabled
10:37:28.828 [Test worker] DEBUG tourGuide.service.TourGuideService - Initializing users
10:37:28.829 [Test worker] DEBUG tourGuide.service.TourGuideService - Created 0 internal test users.
10:37:28.830 [Test worker] DEBUG tourGuide.service.TourGuideService - Finished initializing users
10:37:28.830 [pool-4-thread-1] DEBUG tourGuide.tracker.Tracker - Begin Tracker. Tracking 0 users.
10:37:28.830 [pool-4-thread-1] DEBUG tourGuide.tracker.Tracker - Tracker Time Elapsed: 0 seconds.
10:37:28.832 [pool-4-thread-1] DEBUG tourGuide.tracker.Tracker - Tracker sleeping
in addUserReward
in if, add reward normaly
]]></system-out>
  <system-err><![CDATA[Mar 28, 2023 10:37:16 AM org.javamoney.moneta.DefaultMonetaryContextFactory createMonetaryContextNonNullConfig
INFO: Using custom MathContext: precision=256, roundingMode=HALF_EVEN
]]></system-err>
</testsuite>
